  Source.cpp
f:\data structure\数据结构课外项目\program\实训三：显示主菜单\实训三：显示主菜单\conio.h(180): warning C4244: '=': conversion from 'SHORT' to 'unsigned char', possible loss of data
f:\data structure\数据结构课外项目\program\实训三：显示主菜单\实训三：显示主菜单\conio.h(181): warning C4244: '=': conversion from 'SHORT' to 'unsigned char', possible loss of data
f:\data structure\数据结构课外项目\program\实训三：显示主菜单\实训三：显示主菜单\conio.h(182): warning C4244: '=': conversion from 'SHORT' to 'unsigned char', possible loss of data
f:\data structure\数据结构课外项目\program\实训三：显示主菜单\实训三：显示主菜单\conio.h(183): warning C4244: '=': conversion from 'SHORT' to 'unsigned char', possible loss of data
f:\data structure\数据结构课外项目\program\实训三：显示主菜单\实训三：显示主菜单\conio.h(184): warning C4244: '=': conversion from 'WORD' to 'unsigned char', possible loss of data
f:\data structure\数据结构课外项目\program\实训三：显示主菜单\实训三：显示主菜单\conio.h(187): warning C4244: '=': conversion from 'SHORT' to 'unsigned char', possible loss of data
f:\data structure\数据结构课外项目\program\实训三：显示主菜单\实训三：显示主菜单\conio.h(188): warning C4244: '=': conversion from 'SHORT' to 'unsigned char', possible loss of data
f:\data structure\数据结构课外项目\program\实训三：显示主菜单\实训三：显示主菜单\source.cpp(27): warning C4091: 'typedef ': ignored on left of 'MenuItemStru' when no variable is declared
f:\data structure\数据结构课外项目\program\实训三：显示主菜单\实训三：显示主菜单\source.cpp(35): warning C4091: 'typedef ': ignored on left of 'MenuSelectStru' when no variable is declared
f:\data structure\数据结构课外项目\program\实训三：显示主菜单\实训三：显示主菜单\source.cpp(140): warning C4838: conversion from 'int' to 'ShortInt' requires a narrowing conversion
f:\data structure\数据结构课外项目\program\实训三：显示主菜单\实训三：显示主菜单\source.cpp(150): warning C4838: conversion from 'int' to 'ShortInt' requires a narrowing conversion
f:\data structure\数据结构课外项目\program\实训三：显示主菜单\实训三：显示主菜单\source.cpp(160): warning C4838: conversion from 'int' to 'ShortInt' requires a narrowing conversion
f:\data structure\数据结构课外项目\program\实训三：显示主菜单\实训三：显示主菜单\source.cpp(169): warning C4838: conversion from 'int' to 'ShortInt' requires a narrowing conversion
f:\data structure\数据结构课外项目\program\实训三：显示主菜单\实训三：显示主菜单\source.cpp(186): warning C4838: conversion from 'int' to 'ShortInt' requires a narrowing conversion
f:\data structure\数据结构课外项目\program\实训三：显示主菜单\实训三：显示主菜单\source.cpp(194): warning C4838: conversion from 'int' to 'ShortInt' requires a narrowing conversion
f:\data structure\数据结构课外项目\program\实训三：显示主菜单\实训三：显示主菜单\source.cpp(204): warning C4838: conversion from 'int' to 'ShortInt' requires a narrowing conversion
f:\data structure\数据结构课外项目\program\实训三：显示主菜单\实训三：显示主菜单\source.cpp(212): warning C4838: conversion from 'int' to 'ShortInt' requires a narrowing conversion
f:\data structure\数据结构课外项目\program\实训三：显示主菜单\实训三：显示主菜单\source.cpp(216): warning C4838: conversion from 'int' to 'ShortInt' requires a narrowing conversion
f:\data structure\数据结构课外项目\program\实训三：显示主菜单\实训三：显示主菜单\source.cpp(225): warning C4838: conversion from 'int' to 'ShortInt' requires a narrowing conversion
f:\data structure\数据结构课外项目\program\实训三：显示主菜单\实训三：显示主菜单\source.cpp(235): warning C4838: conversion from 'int' to 'ShortInt' requires a narrowing conversion
f:\data structure\数据结构课外项目\program\实训三：显示主菜单\实训三：显示主菜单\source.cpp(246): warning C4838: conversion from 'int' to 'ShortInt' requires a narrowing conversion
f:\data structure\数据结构课外项目\program\实训三：显示主菜单\实训三：显示主菜单\source.cpp(271): warning C4838: conversion from 'int' to 'ShortInt' requires a narrowing conversion
  实训三：显示主菜单.vcxproj -> F:\Data Structure\数据结构课外项目\Program\实训三：显示主菜单\Debug\实训三：显示主菜单.exe
  实训三：显示主菜单.vcxproj -> F:\Data Structure\数据结构课外项目\Program\实训三：显示主菜单\Debug\实训三：显示主菜单.pdb (Partial PDB)
