  Source.cpp
d:\data structure\数据结构课外项目\program\实训五：菜单项的显示\实训五：菜单项的显示\conio.h(180): warning C4244: '=': conversion from 'SHORT' to 'unsigned char', possible loss of data
d:\data structure\数据结构课外项目\program\实训五：菜单项的显示\实训五：菜单项的显示\conio.h(181): warning C4244: '=': conversion from 'SHORT' to 'unsigned char', possible loss of data
d:\data structure\数据结构课外项目\program\实训五：菜单项的显示\实训五：菜单项的显示\conio.h(182): warning C4244: '=': conversion from 'SHORT' to 'unsigned char', possible loss of data
d:\data structure\数据结构课外项目\program\实训五：菜单项的显示\实训五：菜单项的显示\conio.h(183): warning C4244: '=': conversion from 'SHORT' to 'unsigned char', possible loss of data
d:\data structure\数据结构课外项目\program\实训五：菜单项的显示\实训五：菜单项的显示\conio.h(184): warning C4244: '=': conversion from 'WORD' to 'unsigned char', possible loss of data
d:\data structure\数据结构课外项目\program\实训五：菜单项的显示\实训五：菜单项的显示\conio.h(187): warning C4244: '=': conversion from 'SHORT' to 'unsigned char', possible loss of data
d:\data structure\数据结构课外项目\program\实训五：菜单项的显示\实训五：菜单项的显示\conio.h(188): warning C4244: '=': conversion from 'SHORT' to 'unsigned char', possible loss of data
d:\data structure\数据结构课外项目\program\实训五：菜单项的显示\实训五：菜单项的显示\source.cpp(78): warning C4091: 'typedef ': ignored on left of 'MenuItemStru' when no variable is declared
d:\data structure\数据结构课外项目\program\实训五：菜单项的显示\实训五：菜单项的显示\source.cpp(86): warning C4091: 'typedef ': ignored on left of 'MenuSelectStru' when no variable is declared
d:\data structure\数据结构课外项目\program\实训五：菜单项的显示\实训五：菜单项的显示\source.cpp(191): warning C4838: conversion from 'int' to 'ShortInt' requires a narrowing conversion
d:\data structure\数据结构课外项目\program\实训五：菜单项的显示\实训五：菜单项的显示\source.cpp(201): warning C4838: conversion from 'int' to 'ShortInt' requires a narrowing conversion
d:\data structure\数据结构课外项目\program\实训五：菜单项的显示\实训五：菜单项的显示\source.cpp(211): warning C4838: conversion from 'int' to 'ShortInt' requires a narrowing conversion
d:\data structure\数据结构课外项目\program\实训五：菜单项的显示\实训五：菜单项的显示\source.cpp(220): warning C4838: conversion from 'int' to 'ShortInt' requires a narrowing conversion
d:\data structure\数据结构课外项目\program\实训五：菜单项的显示\实训五：菜单项的显示\source.cpp(237): warning C4838: conversion from 'int' to 'ShortInt' requires a narrowing conversion
d:\data structure\数据结构课外项目\program\实训五：菜单项的显示\实训五：菜单项的显示\source.cpp(245): warning C4838: conversion from 'int' to 'ShortInt' requires a narrowing conversion
d:\data structure\数据结构课外项目\program\实训五：菜单项的显示\实训五：菜单项的显示\source.cpp(255): warning C4838: conversion from 'int' to 'ShortInt' requires a narrowing conversion
d:\data structure\数据结构课外项目\program\实训五：菜单项的显示\实训五：菜单项的显示\source.cpp(263): warning C4838: conversion from 'int' to 'ShortInt' requires a narrowing conversion
d:\data structure\数据结构课外项目\program\实训五：菜单项的显示\实训五：菜单项的显示\source.cpp(267): warning C4838: conversion from 'int' to 'ShortInt' requires a narrowing conversion
d:\data structure\数据结构课外项目\program\实训五：菜单项的显示\实训五：菜单项的显示\source.cpp(276): warning C4838: conversion from 'int' to 'ShortInt' requires a narrowing conversion
d:\data structure\数据结构课外项目\program\实训五：菜单项的显示\实训五：菜单项的显示\source.cpp(286): warning C4838: conversion from 'int' to 'ShortInt' requires a narrowing conversion
d:\data structure\数据结构课外项目\program\实训五：菜单项的显示\实训五：菜单项的显示\source.cpp(297): warning C4838: conversion from 'int' to 'ShortInt' requires a narrowing conversion
d:\data structure\数据结构课外项目\program\实训五：菜单项的显示\实训五：菜单项的显示\source.cpp(322): warning C4838: conversion from 'int' to 'ShortInt' requires a narrowing conversion
  实训五：菜单项的显示.vcxproj -> D:\Data Structure\数据结构课外项目\Program\实训五：菜单项的显示\Debug\实训五：菜单项的显示.exe
  实训五：菜单项的显示.vcxproj -> D:\Data Structure\数据结构课外项目\Program\实训五：菜单项的显示\Debug\实训五：菜单项的显示.pdb (Partial PDB)
